weixinpay/build/intermediates/manifest_merge_blame_file/debug/manifest-merger-blame-debug-report.txt
1<?xml version="1.0" encoding="utf-8"?>
2<manifest xmlns:android="http://schemas.android.com/apk/res/android"
3    package="net.sourceforge.simcpux"
4    android:versionCode="1"
5    android:versionName="1.0" >
6
7    <uses-sdk
8        android:minSdkVersion="16"
8-->src\main\AndroidManifest.xml
9        android:targetSdkVersion="26" />
9-->src\main\AndroidManifest.xml
10
11    <uses-permission android:name="android.permission.INTERNET" />
11-->src\main\AndroidManifest.xml:7:5-67
11-->src\main\AndroidManifest.xml:7:22-64
12    <uses-permission android:name="android.permission.MODIFY_AUDIO_SETTINGS" />
12-->src\main\AndroidManifest.xml:8:5-79
12-->src\main\AndroidManifest.xml:8:22-77
13    <uses-permission android:name="android.permission.WRITE_EXTERNAL_STORAGE" />
13-->src\main\AndroidManifest.xml:9:5-80
13-->src\main\AndroidManifest.xml:9:22-78
14
15    <!-- for mta statistics -->
16    <uses-permission android:name="android.permission.ACCESS_WIFI_STATE" />
16-->src\main\AndroidManifest.xml:12:5-75
16-->src\main\AndroidManifest.xml:12:22-73
17    <uses-permission android:name="android.permission.READ_PHONE_STATE" />
17-->src\main\AndroidManifest.xml:13:5-74
17-->src\main\AndroidManifest.xml:13:22-72
18    <uses-permission android:name="android.permission.ACCESS_NETWORK_STATE" />
18-->src\main\AndroidManifest.xml:14:5-78
18-->src\main\AndroidManifest.xml:14:22-76
19
20    <application
20-->src\main\AndroidManifest.xml:16:5-84:19
21        android:allowBackup="false"
21-->src\main\AndroidManifest.xml:19:9-36
22        android:appComponentFactory="androidx.core.app.CoreComponentFactory"
22-->[androidx.core:core:1.0.0] AndroidManifest.xml:22:18-86
23        android:debuggable="true"
24        android:icon="@drawable/ic_launcher"
24-->src\main\AndroidManifest.xml:17:9-45
25        android:label="@string/app_name"
25-->src\main\AndroidManifest.xml:18:9-41
26        android:testOnly="true" >
27        <activity
27-->src\main\AndroidManifest.xml:21:9-36:20
28            android:name="net.sourceforge.simcpux.MainActivity"
28-->src\main\AndroidManifest.xml:22:13-41
29            android:exported="true"
29-->src\main\AndroidManifest.xml:24:13-36
30            android:label="@string/app_name"
30-->src\main\AndroidManifest.xml:23:13-45
31            android:launchMode="singleTask" >
31-->src\main\AndroidManifest.xml:25:13-44
32            <intent-filter>
32-->src\main\AndroidManifest.xml:26:13-29:29
33                <action android:name="android.intent.action.MAIN" />
33-->src\main\AndroidManifest.xml:27:17-69
33-->src\main\AndroidManifest.xml:27:25-66
34
35                <category android:name="android.intent.category.LAUNCHER" />
35-->src\main\AndroidManifest.xml:28:17-77
35-->src\main\AndroidManifest.xml:28:27-74
36            </intent-filter>
37            <intent-filter>
37-->src\main\AndroidManifest.xml:31:13-35:29
38                <action android:name="android.intent.action.VIEW" />
38-->src\main\AndroidManifest.xml:32:17-68
38-->src\main\AndroidManifest.xml:32:25-66
39
40                <category android:name="android.intent.category.DEFAULT" />
40-->src\main\AndroidManifest.xml:33:17-75
40-->src\main\AndroidManifest.xml:33:27-73
41
42                <data android:scheme="sdksample" />
42-->src\main\AndroidManifest.xml:34:17-51
42-->src\main\AndroidManifest.xml:34:23-49
43            </intent-filter>
44        </activity>
45        <activity
45-->src\main\AndroidManifest.xml:38:9-45:20
46            android:name="net.sourceforge.simcpux.wxapi.WXEntryActivity"
46-->src\main\AndroidManifest.xml:39:13-50
47            android:exported="true"
47-->src\main\AndroidManifest.xml:42:13-36
48            android:label="@string/app_name"
48-->src\main\AndroidManifest.xml:40:13-45
49            android:launchMode="singleTask"
49-->src\main\AndroidManifest.xml:44:13-44
50            android:taskAffinity="net.sourceforge.simcpux"
50-->src\main\AndroidManifest.xml:43:13-59
51            android:theme="@android:style/Theme.Translucent.NoTitleBar" >
51-->src\main\AndroidManifest.xml:41:13-72
52        </activity>
53        <activity
53-->src\main\AndroidManifest.xml:47:9-52:51
54            android:name="net.sourceforge.simcpux.SendToWXActivity"
54-->src\main\AndroidManifest.xml:48:13-45
55            android:label="@string/app_name"
55-->src\main\AndroidManifest.xml:49:13-45
56            android:launchMode="singleTask"
56-->src\main\AndroidManifest.xml:51:13-44
57            android:theme="@style/MMTheme.Basic"
57-->src\main\AndroidManifest.xml:52:13-49
58            android:windowSoftInputMode="adjustUnspecified|stateHidden" />
58-->src\main\AndroidManifest.xml:50:13-72
59        <activity
59-->src\main\AndroidManifest.xml:54:9-57:51
60            android:name="net.sourceforge.simcpux.GetFromWXActivity"
60-->src\main\AndroidManifest.xml:55:13-46
61            android:label="@string/app_name"
61-->src\main\AndroidManifest.xml:56:13-45
62            android:theme="@style/MMTheme.Basic" />
62-->src\main\AndroidManifest.xml:57:13-49
63        <activity
63-->src\main\AndroidManifest.xml:59:9-62:51
64            android:name="net.sourceforge.simcpux.ShowFromWXActivity"
64-->src\main\AndroidManifest.xml:60:13-47
65            android:label="@string/app_name"
65-->src\main\AndroidManifest.xml:61:13-45
66            android:theme="@style/MMTheme.Basic" />
66-->src\main\AndroidManifest.xml:62:13-49
67
68        <receiver
68-->src\main\AndroidManifest.xml:64:9-70:20
69            android:name="net.sourceforge.simcpux.AppRegister"
69-->src\main\AndroidManifest.xml:65:13-40
70            android:permission="com.tencent.mm.plugin.permission.SEND" >
70-->src\main\AndroidManifest.xml:66:13-71
71            <intent-filter>
71-->src\main\AndroidManifest.xml:67:13-69:29
72                <action android:name="com.tencent.mm.plugin.openapi.Intent.ACTION_REFRESH_WXAPP" />
72-->src\main\AndroidManifest.xml:68:17-100
72-->src\main\AndroidManifest.xml:68:25-97
73            </intent-filter>
74        </receiver>
75
76        <activity
76-->src\main\AndroidManifest.xml:72:9-74:51
77            android:name="net.sourceforge.simcpux.SubscribeMessageActivity"
77-->src\main\AndroidManifest.xml:72:19-59
78            android:label="@string/subscribe_message"
78-->src\main\AndroidManifest.xml:73:13-54
79            android:theme="@style/MMTheme.Basic" />
79-->src\main\AndroidManifest.xml:74:13-49
80        <activity
80-->src\main\AndroidManifest.xml:76:9-78:51
81            android:name="net.sourceforge.simcpux.SubscribeMiniProgramMsgActivity"
81-->src\main\AndroidManifest.xml:76:19-66
82            android:label="@string/subscribe_message"
82-->src\main\AndroidManifest.xml:77:13-54
83            android:theme="@style/MMTheme.Basic" />
83-->src\main\AndroidManifest.xml:78:13-49
84        <activity
84-->src\main\AndroidManifest.xml:80:9-82:51
85            android:name="net.sourceforge.simcpux.UserInfoActivity"
85-->src\main\AndroidManifest.xml:80:19-51
86            android:label="@string/app_name"
86-->src\main\AndroidManifest.xml:81:13-45
87            android:theme="@style/MMTheme.Basic" />
87-->src\main\AndroidManifest.xml:82:13-49
88    </application>
89
90</manifest>